-w_ic -0.1 -w_cg -0.1 -w_ig 0.1 -pf max: 0.25
-w_ic -0.1 -w_cg -0.1 -w_ig 0.2 -pf max: 0.25
-w_ic -0.1 -w_cg -0.1 -w_ig 0.0 -pf max: 0.0
-w_ic -0.1 -w_cg -0.1 -w_ig 0.2 -pf mean: 0.25
-w_ic -0.1 -w_cg -0.1 -w_ig 0.1 -pf mean: 0.25
-w_ic -0.1 -w_cg -0.1 -w_ig 0.0 -pf mean: 0.0
-w_ic -0.1 -w_cg 0.0 -w_ig -0.1 -pf max: 0.0
-w_ic -0.1 -w_cg 0.0 -w_ig 0.0 -pf max: 0.0
-w_ic -0.1 -w_cg 0.0 -w_ig -0.1 -pf mean: 0.0
-w_ic -0.1 -w_cg 0.0 -w_ig 0.0 -pf mean: 0.0
-w_ic -0.1 -w_cg 0.0 -w_ig 0.1 -pf max: 0.25
-w_ic -0.1 -w_cg 0.0 -w_ig 0.1 -pf mean: 0.25
-w_ic -0.1 -w_cg 0.0 -w_ig 0.2 -pf max: 0.3125
-w_ic -0.1 -w_cg 0.0 -w_ig 0.2 -pf mean: 0.3125
-w_ic -0.1 -w_cg 0.1 -w_ig -0.1 -pf max: 0.0
-w_ic -0.1 -w_cg 0.1 -w_ig 0.0 -pf max: 0.0
-w_ic -0.1 -w_cg 0.1 -w_ig 0.0 -pf mean: 0.0
-w_ic -0.1 -w_cg 0.1 -w_ig -0.1 -pf mean: 0.0
-w_ic -0.1 -w_cg 0.1 -w_ig 0.2 -pf max: 0.3125
-w_ic -0.1 -w_cg 0.2 -w_ig -0.1 -pf max: 0.0
-w_ic -0.1 -w_cg 0.1 -w_ig 0.1 -pf mean: 0.25
-w_ic -0.1 -w_cg 0.1 -w_ig 0.1 -pf max: 0.25
-w_ic -0.1 -w_cg 0.1 -w_ig 0.2 -pf mean: 0.3125
-w_ic -0.1 -w_cg 0.2 -w_ig -0.1 -pf mean: 0.0
-w_ic -0.1 -w_cg 0.2 -w_ig 0.0 -pf max: 0.0
-w_ic -0.1 -w_cg 0.2 -w_ig 0.1 -pf max: 0.1875
-w_ic -0.1 -w_cg 0.2 -w_ig 0.2 -pf max: 0.3125
-w_ic -0.1 -w_cg 0.2 -w_ig 0.0 -pf mean: 0.0
-w_ic -0.1 -w_cg 0.2 -w_ig 0.1 -pf mean: 0.1875
-w_ic -0.1 -w_cg 0.2 -w_ig 0.2 -pf mean: 0.3125
-w_ic 0.0 -w_cg -0.1 -w_ig -0.1 -pf max: 0.125
-w_ic 0.0 -w_cg -0.1 -w_ig 0.0 -pf max: 0.0
-w_ic 0.0 -w_cg -0.1 -w_ig -0.1 -pf mean: 0.125
-w_ic 0.0 -w_cg -0.1 -w_ig 0.0 -pf mean: 0.0
-w_ic 0.0 -w_cg -0.1 -w_ig 0.1 -pf max: 0.3125
-w_ic 0.0 -w_cg -0.1 -w_ig 0.1 -pf mean: 0.3125
-w_ic 0.0 -w_cg -0.1 -w_ig 0.2 -pf max: 0.25
-w_ic 0.0 -w_cg 0.0 -w_ig -0.1 -pf max: 0.1875
-w_ic 0.0 -w_cg 0.1 -w_ig -0.1 -pf max: 0.0
-w_ic 0.0 -w_cg -0.1 -w_ig 0.2 -pf mean: 0.25
-w_ic 0.0 -w_cg 0.0 -w_ig -0.1 -pf mean: 0.1875
-w_ic 0.0 -w_cg 0.1 -w_ig -0.1 -pf mean: 0.0
-w_ic 0.0 -w_cg 0.1 -w_ig 0.2 -pf mean: 0.375
-w_ic 0.0 -w_cg 0.1 -w_ig 0.2 -pf max: 0.375
-w_ic 0.0 -w_cg 0.2 -w_ig -0.1 -pf mean: 0.0
-w_ic 0.0 -w_cg 0.2 -w_ig 0.1 -pf mean: 0.3125
-w_ic 0.0 -w_cg 0.2 -w_ig -0.1 -pf max: 0.0
-w_ic 0.0 -w_cg 0.2 -w_ig 0.1 -pf max: 0.3125
-w_ic 0.1 -w_cg -0.1 -w_ig 0.0 -pf mean: 0.5625
-w_ic 0.1 -w_cg -0.1 -w_ig 0.0 -pf max: 0.5625
-w_ic 0.1 -w_cg -0.1 -w_ig 0.2 -pf max: 0.375
-w_ic 0.1 -w_cg -0.1 -w_ig 0.2 -pf mean: 0.375
-w_ic 0.1 -w_cg 0.0 -w_ig -0.1 -pf max: 0.625
-w_ic 0.1 -w_cg 0.0 -w_ig -0.1 -pf mean: 0.625
-w_ic 0.1 -w_cg 0.0 -w_ig 0.2 -pf max: 0.4375
-w_ic 0.1 -w_cg 0.0 -w_ig 0.2 -pf mean: 0.4375
-w_ic 0.1 -w_cg 0.1 -w_ig 0.2 -pf max: 0.5625
-w_ic 0.1 -w_cg 0.1 -w_ig 0.2 -pf mean: 0.5625
-w_ic 0.1 -w_cg 0.2 -w_ig -0.1 -pf max: 0.375
-w_ic 0.1 -w_cg 0.2 -w_ig -0.1 -pf mean: 0.375
-w_ic 0.1 -w_cg 0.2 -w_ig 0.0 -pf max: 0.5625
-w_ic 0.1 -w_cg 0.2 -w_ig 0.0 -pf mean: 0.5625
-w_ic 0.1 -w_cg 0.2 -w_ig 0.1 -pf max: 0.5625
-w_ic 0.1 -w_cg 0.2 -w_ig 0.1 -pf mean: 0.5625
-w_ic 0.1 -w_cg 0.2 -w_ig 0.2 -pf max: 0.5
-w_ic 0.1 -w_cg 0.2 -w_ig 0.2 -pf mean: 0.5
-w_ic 0.2 -w_cg -0.1 -w_ig -0.1 -pf max: 0.5
-w_ic 0.2 -w_cg -0.1 -w_ig 0.0 -pf max: 0.5625
-w_ic 0.2 -w_cg -0.1 -w_ig -0.1 -pf mean: 0.5
-w_ic 0.2 -w_cg -0.1 -w_ig 0.0 -pf mean: 0.5625
-w_ic 0.2 -w_cg -0.1 -w_ig 0.1 -pf max: 0.5
-w_ic 0.2 -w_cg -0.1 -w_ig 0.1 -pf mean: 0.5
-w_ic 0.2 -w_cg -0.1 -w_ig 0.2 -pf max: 0.4375
-w_ic 0.2 -w_cg 0.0 -w_ig -0.1 -pf max: 0.625
-w_ic 0.2 -w_cg -0.1 -w_ig 0.2 -pf mean: 0.4375
-w_ic 0.2 -w_cg 0.0 -w_ig -0.1 -pf mean: 0.625
-w_ic 0.2 -w_cg 0.0 -w_ig 0.1 -pf max: 0.5625
-w_ic 0.2 -w_cg 0.0 -w_ig 0.1 -pf mean: 0.5625
-w_ic 0.2 -w_cg 0.1 -w_ig -0.1 -pf max: 0.5
-w_ic 0.2 -w_cg 0.1 -w_ig 0.0 -pf max: 0.5625
-w_ic 0.2 -w_cg 0.1 -w_ig -0.1 -pf mean: 0.5
-w_ic 0.2 -w_cg 0.1 -w_ig 0.0 -pf mean: 0.5625
-w_ic 0.2 -w_cg 0.1 -w_ig 0.1 -pf max: 0.625
-w_ic 0.2 -w_cg 0.1 -w_ig 0.1 -pf mean: 0.625
-w_ic 0.2 -w_cg 0.1 -w_ig 0.2 -pf max: 0.625
-w_ic 0.2 -w_cg 0.2 -w_ig -0.1 -pf max: 0.4375
-w_ic 0.2 -w_cg 0.1 -w_ig 0.2 -pf mean: 0.625
-w_ic 0.2 -w_cg 0.2 -w_ig -0.1 -pf mean: 0.4375
-w_ic 0.2 -w_cg 0.2 -w_ig 0.1 -pf max: 0.625
-w_ic 0.2 -w_cg 0.2 -w_ig 0.1 -pf mean: 0.625
